This file contains any messages produced by compilers while
running configure, to aid debugging if configure makes a mistake.

It was created by fuse configure 2.9.5, which was
generated by GNU Autoconf 2.69.  Invocation command line was

  $ ./configure CC=/opt/musl/bin/musl-gcc CFLAGS=-Os -static --enable-lib --disable-util --disable-mtab --disable-example

## --------- ##
## Platform. ##
## --------- ##

hostname = ac38
uname -m = x86_64
uname -r = 4.19.31
uname -s = Linux
uname -v = #1 SMP Sat Mar 23 16:24:14 CDT 2019

/usr/bin/uname -p = Intel(R) Core(TM) i5-8250U CPU @ 1.60GHz
/bin/uname -X     = unknown

/bin/arch              = x86_64
/usr/bin/arch -k       = unknown
/usr/convex/getsysinfo = unknown
/usr/bin/hostinfo      = unknown
/bin/machine           = unknown
/usr/bin/oslevel       = unknown
/bin/universe          = unknown

PATH: /usr/bin
PATH: /usr/sbin
PATH: /bin
PATH: /sbin
PATH: /ut/bin
PATH: /ut/a/bin
PATH: /ut/s/bin
PATH: /f/p3/bin


## ----------- ##
## Core tests. ##
## ----------- ##

configure:2241: checking build system type
configure:2255: result: x86_64-unknown-linux-gnu
configure:2275: checking host system type
configure:2288: result: x86_64-unknown-linux-gnu
configure:2308: checking target system type
configure:2321: result: x86_64-unknown-linux-gnu
configure:2363: checking for a BSD-compatible install
configure:2431: result: /usr/bin/ginstall -c
configure:2442: checking whether build environment is sane
configure:2497: result: yes
configure:2648: checking for a thread-safe mkdir -p
configure:2687: result: /usr/bin/mkdir -p
configure:2694: checking for gawk
configure:2710: found /usr/bin/gawk
configure:2721: result: gawk
configure:2732: checking whether make sets $(MAKE)
configure:2754: result: yes
configure:2783: checking whether make supports nested variables
configure:2800: result: yes
configure:2937: checking whether make supports nested variables
configure:2954: result: yes
configure:3014: checking how to print strings
configure:3041: result: printf
configure:3074: checking for style of include used by make
configure:3102: result: GNU
configure:3173: checking for gcc
configure:3200: result: /opt/musl/bin/musl-gcc
configure:3429: checking for C compiler version
configure:3438: /opt/musl/bin/musl-gcc --version >&5
gcc (GCC) 5.5.0
Copyright (C) 2015 Free Software Foundation, Inc.
This is free software; see the source for copying conditions.  There is NO
warranty; not even for MERCHANTABILITY or FITNESS FOR A PARTICULAR PURPOSE.

configure:3449: $? = 0
configure:3438: /opt/musl/bin/musl-gcc -v >&5
Reading specs from /usr/lib64/gcc/x86_64-slackware-linux/5.5.0/specs
Reading specs from /opt/musl/lib/musl-gcc.specs
rename spec cpp_options to old_cpp_options
COLLECT_GCC=gcc
COLLECT_LTO_WRAPPER=/usr/libexec/gcc/x86_64-slackware-linux/5.5.0/lto-wrapper
Target: x86_64-slackware-linux
Configured with: ../gcc-5.5.0/configure --prefix=/usr --libdir=/usr/lib64 --mandir=/usr/man --infodir=/usr/info --enable-shared --enable-bootstrap --enable-languages=ada,c,c++,fortran,go,java,lto,objc --enable-threads=posix --enable-checking=release --enable-objc-gc --with-system-zlib --with-python-dir=/lib64/python2.7/site-packages --enable-libstdcxx-dual-abi --with-default-libstdcxx-abi=gcc4-compatible --disable-libunwind-exceptions --enable-__cxa_atexit --enable-libssp --enable-lto --disable-install-libiberty --with-gnu-ld --verbose --enable-java-home --with-java-home=/usr/lib64/jvm/jre --with-jvm-root-dir=/usr/lib64/jvm --with-jvm-jar-dir=/usr/lib64/jvm/jvm-exports --with-arch-directory=amd64 --with-antlr-jar=/tmp/slackware64-14.2/gcc/antlr-runtime-3.4.jar --enable-java-awt=gtk --disable-gtktest --disable-multilib --target=x86_64-slackware-linux --build=x86_64-slackware-linux --host=x86_64-slackware-linux
Thread model: posix
gcc version 5.5.0 (GCC) 
configure:3449: $? = 0
configure:3438: /opt/musl/bin/musl-gcc -V >&5
gcc: error: unrecognized command line option '-V'
gcc: fatal error: no input files
compilation terminated.
configure:3449: $? = 1
configure:3438: /opt/musl/bin/musl-gcc -qversion >&5
gcc: error: unrecognized command line option '-qversion'
gcc: fatal error: no input files
compilation terminated.
configure:3449: $? = 1
configure:3469: checking whether the C compiler works
configure:3491: /opt/musl/bin/musl-gcc -Os -static   conftest.c  >&5
configure:3495: $? = 0
configure:3543: result: yes
configure:3546: checking for C compiler default output file name
configure:3548: result: a.out
configure:3554: checking for suffix of executables
configure:3561: /opt/musl/bin/musl-gcc -o conftest -Os -static   conftest.c  >&5
configure:3565: $? = 0
configure:3587: result: 
configure:3609: checking whether we are cross compiling
configure:3617: /opt/musl/bin/musl-gcc -o conftest -Os -static   conftest.c  >&5
configure:3621: $? = 0
configure:3628: ./conftest
configure:3632: $? = 0
configure:3647: result: no
configure:3652: checking for suffix of object files
configure:3674: /opt/musl/bin/musl-gcc -c -Os -static  conftest.c >&5
configure:3678: $? = 0
configure:3699: result: o
configure:3703: checking whether we are using the GNU C compiler
configure:3722: /opt/musl/bin/musl-gcc -c -Os -static  conftest.c >&5
configure:3722: $? = 0
configure:3731: result: yes
configure:3740: checking whether /opt/musl/bin/musl-gcc accepts -g
configure:3760: /opt/musl/bin/musl-gcc -c -g  conftest.c >&5
configure:3760: $? = 0
configure:3801: result: yes
configure:3818: checking for /opt/musl/bin/musl-gcc option to accept ISO C89
configure:3881: /opt/musl/bin/musl-gcc  -c -Os -static  conftest.c >&5
configure:3881: $? = 0
configure:3894: result: none needed
configure:3919: checking whether /opt/musl/bin/musl-gcc understands -c and -o together
configure:3941: /opt/musl/bin/musl-gcc -c conftest.c -o conftest2.o
configure:3944: $? = 0
configure:3941: /opt/musl/bin/musl-gcc -c conftest.c -o conftest2.o
configure:3944: $? = 0
configure:3956: result: yes
configure:3975: checking dependency style of /opt/musl/bin/musl-gcc
configure:4086: result: gcc3
configure:4101: checking for a sed that does not truncate output
configure:4165: result: /usr/bin/sed
configure:4183: checking for grep that handles long lines and -e
configure:4241: result: /usr/bin/grep
configure:4246: checking for egrep
configure:4308: result: /usr/bin/grep -E
configure:4313: checking for fgrep
configure:4375: result: /usr/bin/grep -F
configure:4410: checking for ld used by /opt/musl/bin/musl-gcc
configure:4477: result: /usr/x86_64-slackware-linux/bin/ld
configure:4484: checking if the linker (/usr/x86_64-slackware-linux/bin/ld) is GNU ld
configure:4499: result: yes
configure:4511: checking for BSD- or MS-compatible name lister (nm)
configure:4560: result: /usr/bin/nm -B
configure:4690: checking the name lister (/usr/bin/nm -B) interface
configure:4697: /opt/musl/bin/musl-gcc -c -Os -static  conftest.c >&5
configure:4700: /usr/bin/nm -B "conftest.o"
configure:4703: output
0000000000000000 B some_variable
configure:4710: result: BSD nm
configure:4713: checking whether ln -s works
configure:4717: result: yes
configure:4725: checking the maximum length of command line arguments
configure:4856: result: 1572864
configure:4873: checking whether the shell understands some XSI constructs
configure:4883: result: yes
configure:4887: checking whether the shell understands "+="
configure:4893: result: yes
configure:4928: checking how to convert x86_64-unknown-linux-gnu file names to x86_64-unknown-linux-gnu format
configure:4968: result: func_convert_file_noop
configure:4975: checking how to convert x86_64-unknown-linux-gnu file names to toolchain format
configure:4995: result: func_convert_file_noop
configure:5002: checking for /usr/x86_64-slackware-linux/bin/ld option to reload object files
configure:5009: result: -r
configure:5083: checking for objdump
configure:5099: found /usr/bin/objdump
configure:5110: result: objdump
configure:5142: checking how to recognize dependent libraries
configure:5340: result: pass_all
configure:5425: checking for dlltool
configure:5441: found /usr/bin/dlltool
configure:5452: result: dlltool
configure:5485: checking how to associate runtime and link libraries
configure:5512: result: printf %s\n
configure:5573: checking for ar
configure:5589: found /usr/bin/ar
configure:5600: result: ar
configure:5637: checking for archiver @FILE support
configure:5654: /opt/musl/bin/musl-gcc -c -Os -static  conftest.c >&5
configure:5654: $? = 0
configure:5657: ar cru libconftest.a @conftest.lst >&5
configure:5660: $? = 0
configure:5665: ar cru libconftest.a @conftest.lst >&5
ar: conftest.o: No such file or directory
configure:5668: $? = 1
configure:5680: result: @
configure:5738: checking for strip
configure:5754: found /usr/bin/strip
configure:5765: result: strip
configure:5837: checking for ranlib
configure:5853: found /usr/bin/ranlib
configure:5864: result: ranlib
configure:5966: checking command to parse /usr/bin/nm -B output from /opt/musl/bin/musl-gcc object
configure:6086: /opt/musl/bin/musl-gcc -c -Os -static  conftest.c >&5
configure:6089: $? = 0
configure:6093: /usr/bin/nm -B conftest.o \| sed -n -e 's/^.*[ ]\([ABCDGIRSTW][ABCDGIRSTW]*\)[ ][ ]*\([_A-Za-z][_A-Za-z0-9]*\)$/\1 \2 \2/p' | sed '/ __gnu_lto/d' \> conftest.nm
configure:6096: $? = 0
configure:6162: /opt/musl/bin/musl-gcc -o conftest -Os -static   conftest.c conftstm.o >&5
configure:6165: $? = 0
configure:6203: result: ok
configure:6240: checking for sysroot
configure:6270: result: no
configure:6347: /opt/musl/bin/musl-gcc -c -Os -static  conftest.c >&5
configure:6350: $? = 0
configure:6539: checking for mt
configure:6569: result: no
configure:6589: checking if : is a manifest tool
configure:6595: : '-?'
configure:6603: result: no
configure:7245: checking how to run the C preprocessor
configure:7276: /opt/musl/bin/musl-gcc -E  conftest.c
configure:7276: $? = 0
configure:7290: /opt/musl/bin/musl-gcc -E  conftest.c
conftest.c:11:28: fatal error: ac_nonexistent.h: No such file or directory
compilation terminated.
configure:7290: $? = 1
configure: failed program was:
| /* confdefs.h */
| #define PACKAGE_NAME "fuse"
| #define PACKAGE_TARNAME "fuse"
| #define PACKAGE_VERSION "2.9.5"
| #define PACKAGE_STRING "fuse 2.9.5"
| #define PACKAGE_BUGREPORT ""
| #define PACKAGE_URL ""
| #define PACKAGE "fuse"
| #define VERSION "2.9.5"
| /* end confdefs.h.  */
| #include <ac_nonexistent.h>
configure:7315: result: /opt/musl/bin/musl-gcc -E
configure:7335: /opt/musl/bin/musl-gcc -E  conftest.c
configure:7335: $? = 0
configure:7349: /opt/musl/bin/musl-gcc -E  conftest.c
conftest.c:11:28: fatal error: ac_nonexistent.h: No such file or directory
compilation terminated.
configure:7349: $? = 1
configure: failed program was:
| /* confdefs.h */
| #define PACKAGE_NAME "fuse"
| #define PACKAGE_TARNAME "fuse"
| #define PACKAGE_VERSION "2.9.5"
| #define PACKAGE_STRING "fuse 2.9.5"
| #define PACKAGE_BUGREPORT ""
| #define PACKAGE_URL ""
| #define PACKAGE "fuse"
| #define VERSION "2.9.5"
| /* end confdefs.h.  */
| #include <ac_nonexistent.h>
configure:7378: checking for ANSI C header files
configure:7398: /opt/musl/bin/musl-gcc -c -Os -static  conftest.c >&5
configure:7398: $? = 0
configure:7471: /opt/musl/bin/musl-gcc -o conftest -Os -static   conftest.c  >&5
configure:7471: $? = 0
configure:7471: ./conftest
configure:7471: $? = 0
configure:7482: result: yes
configure:7495: checking for sys/types.h
configure:7495: /opt/musl/bin/musl-gcc -c -Os -static  conftest.c >&5
configure:7495: $? = 0
configure:7495: result: yes
configure:7495: checking for sys/stat.h
configure:7495: /opt/musl/bin/musl-gcc -c -Os -static  conftest.c >&5
configure:7495: $? = 0
configure:7495: result: yes
configure:7495: checking for stdlib.h
configure:7495: /opt/musl/bin/musl-gcc -c -Os -static  conftest.c >&5
configure:7495: $? = 0
configure:7495: result: yes
configure:7495: checking for string.h
configure:7495: /opt/musl/bin/musl-gcc -c -Os -static  conftest.c >&5
configure:7495: $? = 0
configure:7495: result: yes
configure:7495: checking for memory.h
configure:7495: /opt/musl/bin/musl-gcc -c -Os -static  conftest.c >&5
configure:7495: $? = 0
configure:7495: result: yes
configure:7495: checking for strings.h
configure:7495: /opt/musl/bin/musl-gcc -c -Os -static  conftest.c >&5
configure:7495: $? = 0
configure:7495: result: yes
configure:7495: checking for inttypes.h
configure:7495: /opt/musl/bin/musl-gcc -c -Os -static  conftest.c >&5
configure:7495: $? = 0
configure:7495: result: yes
configure:7495: checking for stdint.h
configure:7495: /opt/musl/bin/musl-gcc -c -Os -static  conftest.c >&5
configure:7495: $? = 0
configure:7495: result: yes
configure:7495: checking for unistd.h
configure:7495: /opt/musl/bin/musl-gcc -c -Os -static  conftest.c >&5
configure:7495: $? = 0
configure:7495: result: yes
configure:7509: checking for dlfcn.h
configure:7509: /opt/musl/bin/musl-gcc -c -Os -static  conftest.c >&5
configure:7509: $? = 0
configure:7509: result: yes
configure:7715: checking for objdir
configure:7730: result: .libs
configure:8001: checking if /opt/musl/bin/musl-gcc supports -fno-rtti -fno-exceptions
configure:8019: /opt/musl/bin/musl-gcc -c -Os -static  -fno-rtti -fno-exceptions conftest.c >&5
cc1: warning: command line option '-fno-rtti' is valid for C++/ObjC++ but not for C
configure:8023: $? = 0
configure:8036: result: no
configure:8363: checking for /opt/musl/bin/musl-gcc option to produce PIC
configure:8370: result: -fPIC -DPIC
configure:8378: checking if /opt/musl/bin/musl-gcc PIC flag -fPIC -DPIC works
configure:8396: /opt/musl/bin/musl-gcc -c -Os -static  -fPIC -DPIC -DPIC conftest.c >&5
configure:8400: $? = 0
configure:8413: result: yes
configure:8442: checking if /opt/musl/bin/musl-gcc static flag -static works
configure:8470: result: yes
configure:8485: checking if /opt/musl/bin/musl-gcc supports -c -o file.o
configure:8506: /opt/musl/bin/musl-gcc -c -Os -static  -o out/conftest2.o conftest.c >&5
configure:8510: $? = 0
configure:8532: result: yes
configure:8540: checking if /opt/musl/bin/musl-gcc supports -c -o file.o
configure:8587: result: yes
configure:8620: checking whether the /opt/musl/bin/musl-gcc linker (/usr/x86_64-slackware-linux/bin/ld -m elf_x86_64) supports shared libraries
configure:9777: result: yes
configure:9814: checking whether -lc should be explicitly linked in
configure:9822: /opt/musl/bin/musl-gcc -c -Os -static  conftest.c >&5
configure:9825: $? = 0
configure:9840: /opt/musl/bin/musl-gcc -shared  -fPIC -DPIC conftest.o  -v -Wl,-soname -Wl,conftest -o conftest 2\>\&1 \| /usr/bin/grep  -lc  \>/dev/null 2\>\&1
configure:9843: $? = 0
configure:9857: result: no
configure:10017: checking dynamic linker characteristics
configure:10517: /opt/musl/bin/musl-gcc -o conftest -Os -static   -Wl,-rpath -Wl,/foo conftest.c  >&5
configure:10517: $? = 0
configure:10751: result: GNU/Linux ld.so
configure:10858: checking how to hardcode library paths into programs
configure:10883: result: immediate
configure:11423: checking whether stripping libraries is possible
configure:11428: result: yes
configure:11463: checking if libtool supports shared libraries
configure:11465: result: yes
configure:11468: checking whether to build shared libraries
configure:11489: result: yes
configure:11492: checking whether to build static libraries
configure:11496: result: yes
configure:11581: checking for gcc
configure:11608: result: /opt/musl/bin/musl-gcc
configure:11837: checking for C compiler version
configure:11846: /opt/musl/bin/musl-gcc --version >&5
gcc (GCC) 5.5.0
Copyright (C) 2015 Free Software Foundation, Inc.
This is free software; see the source for copying conditions.  There is NO
warranty; not even for MERCHANTABILITY or FITNESS FOR A PARTICULAR PURPOSE.

configure:11857: $? = 0
configure:11846: /opt/musl/bin/musl-gcc -v >&5
Reading specs from /usr/lib64/gcc/x86_64-slackware-linux/5.5.0/specs
Reading specs from /opt/musl/lib/musl-gcc.specs
rename spec cpp_options to old_cpp_options
COLLECT_GCC=gcc
COLLECT_LTO_WRAPPER=/usr/libexec/gcc/x86_64-slackware-linux/5.5.0/lto-wrapper
Target: x86_64-slackware-linux
Configured with: ../gcc-5.5.0/configure --prefix=/usr --libdir=/usr/lib64 --mandir=/usr/man --infodir=/usr/info --enable-shared --enable-bootstrap --enable-languages=ada,c,c++,fortran,go,java,lto,objc --enable-threads=posix --enable-checking=release --enable-objc-gc --with-system-zlib --with-python-dir=/lib64/python2.7/site-packages --enable-libstdcxx-dual-abi --with-default-libstdcxx-abi=gcc4-compatible --disable-libunwind-exceptions --enable-__cxa_atexit --enable-libssp --enable-lto --disable-install-libiberty --with-gnu-ld --verbose --enable-java-home --with-java-home=/usr/lib64/jvm/jre --with-jvm-root-dir=/usr/lib64/jvm --with-jvm-jar-dir=/usr/lib64/jvm/jvm-exports --with-arch-directory=amd64 --with-antlr-jar=/tmp/slackware64-14.2/gcc/antlr-runtime-3.4.jar --enable-java-awt=gtk --disable-gtktest --disable-multilib --target=x86_64-slackware-linux --build=x86_64-slackware-linux --host=x86_64-slackware-linux
Thread model: posix
gcc version 5.5.0 (GCC) 
configure:11857: $? = 0
configure:11846: /opt/musl/bin/musl-gcc -V >&5
gcc: error: unrecognized command line option '-V'
gcc: fatal error: no input files
compilation terminated.
configure:11857: $? = 1
configure:11846: /opt/musl/bin/musl-gcc -qversion >&5
gcc: error: unrecognized command line option '-qversion'
gcc: fatal error: no input files
compilation terminated.
configure:11857: $? = 1
configure:11861: checking whether we are using the GNU C compiler
configure:11889: result: yes
configure:11898: checking whether /opt/musl/bin/musl-gcc accepts -g
configure:11959: result: yes
configure:11976: checking for /opt/musl/bin/musl-gcc option to accept ISO C89
configure:12052: result: none needed
configure:12077: checking whether /opt/musl/bin/musl-gcc understands -c and -o together
configure:12114: result: yes
configure:12133: checking dependency style of /opt/musl/bin/musl-gcc
configure:12244: result: gcc3
configure:12324: checking for fork
configure:12324: /opt/musl/bin/musl-gcc -o conftest -Os -static   conftest.c  >&5
conftest.c:47:6: warning: conflicting types for built-in function 'fork'
 char fork ();
      ^
configure:12324: $? = 0
configure:12324: result: yes
configure:12324: checking for setxattr
configure:12324: /opt/musl/bin/musl-gcc -o conftest -Os -static   conftest.c  >&5
configure:12324: $? = 0
configure:12324: result: yes
configure:12324: checking for fdatasync
configure:12324: /opt/musl/bin/musl-gcc -o conftest -Os -static   conftest.c  >&5
configure:12324: $? = 0
configure:12324: result: yes
configure:12324: checking for splice
configure:12324: /opt/musl/bin/musl-gcc -o conftest -Os -static   conftest.c  >&5
configure:12324: $? = 0
configure:12324: result: yes
configure:12324: checking for vmsplice
configure:12324: /opt/musl/bin/musl-gcc -o conftest -Os -static   conftest.c  >&5
configure:12324: $? = 0
configure:12324: result: yes
configure:12324: checking for utimensat
configure:12324: /opt/musl/bin/musl-gcc -o conftest -Os -static   conftest.c  >&5
configure:12324: $? = 0
configure:12324: result: yes
configure:12335: checking for posix_fallocate
configure:12335: /opt/musl/bin/musl-gcc -o conftest -Os -static   conftest.c  >&5
configure:12335: $? = 0
configure:12335: result: yes
configure:12344: checking for struct stat.st_atim
configure:12344: /opt/musl/bin/musl-gcc -c -Os -static  conftest.c >&5
conftest.c: In function 'main':
conftest.c:68:5: error: used struct type value where scalar is required
 if (ac_aggr.st_atim)
     ^
configure:12344: $? = 1
configure: failed program was:
| /* confdefs.h */
| #define PACKAGE_NAME "fuse"
| #define PACKAGE_TARNAME "fuse"
| #define PACKAGE_VERSION "2.9.5"
| #define PACKAGE_STRING "fuse 2.9.5"
| #define PACKAGE_BUGREPORT ""
| #define PACKAGE_URL ""
| #define PACKAGE "fuse"
| #define VERSION "2.9.5"
| #define STDC_HEADERS 1
| #define HAVE_SYS_TYPES_H 1
| #define HAVE_SYS_STAT_H 1
| #define HAVE_STDLIB_H 1
| #define HAVE_STRING_H 1
| #define HAVE_MEMORY_H 1
| #define HAVE_STRINGS_H 1
| #define HAVE_INTTYPES_H 1
| #define HAVE_STDINT_H 1
| #define HAVE_UNISTD_H 1
| #define HAVE_DLFCN_H 1
| #define LT_OBJDIR ".libs/"
| #define IGNORE_MTAB 1
| #define HAVE_FORK 1
| #define HAVE_SETXATTR 1
| #define HAVE_FDATASYNC 1
| #define HAVE_SPLICE 1
| #define HAVE_VMSPLICE 1
| #define HAVE_UTIMENSAT 1
| #define HAVE_POSIX_FALLOCATE 1
| /* end confdefs.h.  */
| #include <stdio.h>
| #ifdef HAVE_SYS_TYPES_H
| # include <sys/types.h>
| #endif
| #ifdef HAVE_SYS_STAT_H
| # include <sys/stat.h>
| #endif
| #ifdef STDC_HEADERS
| # include <stdlib.h>
| # include <stddef.h>
| #else
| # ifdef HAVE_STDLIB_H
| #  include <stdlib.h>
| # endif
| #endif
| #ifdef HAVE_STRING_H
| # if !defined STDC_HEADERS && defined HAVE_MEMORY_H
| #  include <memory.h>
| # endif
| # include <string.h>
| #endif
| #ifdef HAVE_STRINGS_H
| # include <strings.h>
| #endif
| #ifdef HAVE_INTTYPES_H
| # include <inttypes.h>
| #endif
| #ifdef HAVE_STDINT_H
| # include <stdint.h>
| #endif
| #ifdef HAVE_UNISTD_H
| # include <unistd.h>
| #endif
| int
| main ()
| {
| static struct stat ac_aggr;
| if (ac_aggr.st_atim)
| return 0;
|   ;
|   return 0;
| }
configure:12344: /opt/musl/bin/musl-gcc -c -Os -static  conftest.c >&5
configure:12344: $? = 0
configure:12344: result: yes
configure:12354: checking for struct stat.st_atimespec
configure:12354: /opt/musl/bin/musl-gcc -c -Os -static  conftest.c >&5
conftest.c: In function 'main':
conftest.c:69:12: error: 'struct stat' has no member named 'st_atimespec'
 if (ac_aggr.st_atimespec)
            ^
configure:12354: $? = 1
configure: failed program was:
| /* confdefs.h */
| #define PACKAGE_NAME "fuse"
| #define PACKAGE_TARNAME "fuse"
| #define PACKAGE_VERSION "2.9.5"
| #define PACKAGE_STRING "fuse 2.9.5"
| #define PACKAGE_BUGREPORT ""
| #define PACKAGE_URL ""
| #define PACKAGE "fuse"
| #define VERSION "2.9.5"
| #define STDC_HEADERS 1
| #define HAVE_SYS_TYPES_H 1
| #define HAVE_SYS_STAT_H 1
| #define HAVE_STDLIB_H 1
| #define HAVE_STRING_H 1
| #define HAVE_MEMORY_H 1
| #define HAVE_STRINGS_H 1
| #define HAVE_INTTYPES_H 1
| #define HAVE_STDINT_H 1
| #define HAVE_UNISTD_H 1
| #define HAVE_DLFCN_H 1
| #define LT_OBJDIR ".libs/"
| #define IGNORE_MTAB 1
| #define HAVE_FORK 1
| #define HAVE_SETXATTR 1
| #define HAVE_FDATASYNC 1
| #define HAVE_SPLICE 1
| #define HAVE_VMSPLICE 1
| #define HAVE_UTIMENSAT 1
| #define HAVE_POSIX_FALLOCATE 1
| #define HAVE_STRUCT_STAT_ST_ATIM 1
| /* end confdefs.h.  */
| #include <stdio.h>
| #ifdef HAVE_SYS_TYPES_H
| # include <sys/types.h>
| #endif
| #ifdef HAVE_SYS_STAT_H
| # include <sys/stat.h>
| #endif
| #ifdef STDC_HEADERS
| # include <stdlib.h>
| # include <stddef.h>
| #else
| # ifdef HAVE_STDLIB_H
| #  include <stdlib.h>
| # endif
| #endif
| #ifdef HAVE_STRING_H
| # if !defined STDC_HEADERS && defined HAVE_MEMORY_H
| #  include <memory.h>
| # endif
| # include <string.h>
| #endif
| #ifdef HAVE_STRINGS_H
| # include <strings.h>
| #endif
| #ifdef HAVE_INTTYPES_H
| # include <inttypes.h>
| #endif
| #ifdef HAVE_STDINT_H
| # include <stdint.h>
| #endif
| #ifdef HAVE_UNISTD_H
| # include <unistd.h>
| #endif
| int
| main ()
| {
| static struct stat ac_aggr;
| if (ac_aggr.st_atimespec)
| return 0;
|   ;
|   return 0;
| }
configure:12354: /opt/musl/bin/musl-gcc -c -Os -static  conftest.c >&5
conftest.c: In function 'main':
conftest.c:69:19: error: 'struct stat' has no member named 'st_atimespec'
 if (sizeof ac_aggr.st_atimespec)
                   ^
configure:12354: $? = 1
configure: failed program was:
| /* confdefs.h */
| #define PACKAGE_NAME "fuse"
| #define PACKAGE_TARNAME "fuse"
| #define PACKAGE_VERSION "2.9.5"
| #define PACKAGE_STRING "fuse 2.9.5"
| #define PACKAGE_BUGREPORT ""
| #define PACKAGE_URL ""
| #define PACKAGE "fuse"
| #define VERSION "2.9.5"
| #define STDC_HEADERS 1
| #define HAVE_SYS_TYPES_H 1
| #define HAVE_SYS_STAT_H 1
| #define HAVE_STDLIB_H 1
| #define HAVE_STRING_H 1
| #define HAVE_MEMORY_H 1
| #define HAVE_STRINGS_H 1
| #define HAVE_INTTYPES_H 1
| #define HAVE_STDINT_H 1
| #define HAVE_UNISTD_H 1
| #define HAVE_DLFCN_H 1
| #define LT_OBJDIR ".libs/"
| #define IGNORE_MTAB 1
| #define HAVE_FORK 1
| #define HAVE_SETXATTR 1
| #define HAVE_FDATASYNC 1
| #define HAVE_SPLICE 1
| #define HAVE_VMSPLICE 1
| #define HAVE_UTIMENSAT 1
| #define HAVE_POSIX_FALLOCATE 1
| #define HAVE_STRUCT_STAT_ST_ATIM 1
| /* end confdefs.h.  */
| #include <stdio.h>
| #ifdef HAVE_SYS_TYPES_H
| # include <sys/types.h>
| #endif
| #ifdef HAVE_SYS_STAT_H
| # include <sys/stat.h>
| #endif
| #ifdef STDC_HEADERS
| # include <stdlib.h>
| # include <stddef.h>
| #else
| # ifdef HAVE_STDLIB_H
| #  include <stdlib.h>
| # endif
| #endif
| #ifdef HAVE_STRING_H
| # if !defined STDC_HEADERS && defined HAVE_MEMORY_H
| #  include <memory.h>
| # endif
| # include <string.h>
| #endif
| #ifdef HAVE_STRINGS_H
| # include <strings.h>
| #endif
| #ifdef HAVE_INTTYPES_H
| # include <inttypes.h>
| #endif
| #ifdef HAVE_STDINT_H
| # include <stdint.h>
| #endif
| #ifdef HAVE_UNISTD_H
| # include <unistd.h>
| #endif
| int
| main ()
| {
| static struct stat ac_aggr;
| if (sizeof ac_aggr.st_atimespec)
| return 0;
|   ;
|   return 0;
| }
configure:12354: result: no
configure:12366: checking for library containing dlopen
configure:12397: /opt/musl/bin/musl-gcc -o conftest -Os -static   conftest.c  >&5
configure:12397: $? = 0
configure:12414: result: none required
configure:12422: checking for library containing clock_gettime
configure:12453: /opt/musl/bin/musl-gcc -o conftest -Os -static   conftest.c  >&5
configure:12453: $? = 0
configure:12470: result: none required
configure:12532: checking for ld used by /opt/musl/bin/musl-gcc
configure:12599: result: /usr/x86_64-slackware-linux/bin/ld -m elf_x86_64
configure:12606: checking if the linker (/usr/x86_64-slackware-linux/bin/ld -m elf_x86_64) is GNU ld
configure:12621: result: yes
configure:12628: checking for shared library run path origin
configure:12641: result: done
configure:13219: checking for iconv
configure:13243: /opt/musl/bin/musl-gcc -o conftest -Os -static   conftest.c  >&5
configure:13243: $? = 0
configure:13277: result: yes
configure:13280: checking for working iconv
configure:13400: /opt/musl/bin/musl-gcc -o conftest -Os -static   conftest.c  >&5
configure:13400: $? = 0
configure:13400: ./conftest
configure:13400: $? = 0
configure:13412: result: yes
configure:13440: checking for iconv declaration
configure:13469: /opt/musl/bin/musl-gcc -c -Os -static  conftest.c >&5
configure:13469: $? = 0
configure:13480: result:
         extern size_t iconv (iconv_t cd, char * *inbuf, size_t *inbytesleft, char * *outbuf, size_t *outbytesleft);
configure:13504: MOUNT_FUSE_PATH env var not set, using default /sbin
configure:13510: UDEV_RULES_PATH env var not set, using default /etc/udev/rules.d
configure:13516: INIT_D_PATH env var not set, using default /etc/init.d
configure:13550: checking if umount supports --fake --no-canonicalize
configure:13560: result: yes
configure:13681: checking that generated files are newer than configure
configure:13687: result: done
configure:13730: creating ./config.status

## ---------------------- ##
## Running config.status. ##
## ---------------------- ##

This file was extended by fuse config.status 2.9.5, which was
generated by GNU Autoconf 2.69.  Invocation command line was

  CONFIG_FILES    = 
  CONFIG_HEADERS  = 
  CONFIG_LINKS    = 
  CONFIG_COMMANDS = 
  $ ./config.status 

on ac38

config.status:1117: creating fuse.pc
config.status:1117: creating Makefile
config.status:1117: creating lib/Makefile
config.status:1117: creating util/Makefile
config.status:1117: creating example/Makefile
config.status:1117: creating include/Makefile
config.status:1117: creating doc/Makefile
config.status:1117: creating include/config.h
config.status:1298: include/config.h is unchanged
config.status:1346: executing depfiles commands
config.status:1346: executing libtool commands

## ---------------- ##
## Cache variables. ##
## ---------------- ##

ac_cv_build=x86_64-unknown-linux-gnu
ac_cv_c_compiler_gnu=yes
ac_cv_env_CC_set=set
ac_cv_env_CC_value=/opt/musl/bin/musl-gcc
ac_cv_env_CFLAGS_set=set
ac_cv_env_CFLAGS_value='-Os -static'
ac_cv_env_CPPFLAGS_set=
ac_cv_env_CPPFLAGS_value=
ac_cv_env_CPP_set=
ac_cv_env_CPP_value=
ac_cv_env_LDFLAGS_set=
ac_cv_env_LDFLAGS_value=
ac_cv_env_LIBS_set=
ac_cv_env_LIBS_value=
ac_cv_env_build_alias_set=
ac_cv_env_build_alias_value=
ac_cv_env_host_alias_set=
ac_cv_env_host_alias_value=
ac_cv_env_target_alias_set=
ac_cv_env_target_alias_value=
ac_cv_func_fdatasync=yes
ac_cv_func_fork=yes
ac_cv_func_posix_fallocate=yes
ac_cv_func_setxattr=yes
ac_cv_func_splice=yes
ac_cv_func_utimensat=yes
ac_cv_func_vmsplice=yes
ac_cv_header_dlfcn_h=yes
ac_cv_header_inttypes_h=yes
ac_cv_header_memory_h=yes
ac_cv_header_stdc=yes
ac_cv_header_stdint_h=yes
ac_cv_header_stdlib_h=yes
ac_cv_header_string_h=yes
ac_cv_header_strings_h=yes
ac_cv_header_sys_stat_h=yes
ac_cv_header_sys_types_h=yes
ac_cv_header_unistd_h=yes
ac_cv_host=x86_64-unknown-linux-gnu
ac_cv_member_struct_stat_st_atim=yes
ac_cv_member_struct_stat_st_atimespec=no
ac_cv_objext=o
ac_cv_path_EGREP='/usr/bin/grep -E'
ac_cv_path_FGREP='/usr/bin/grep -F'
ac_cv_path_GREP=/usr/bin/grep
ac_cv_path_SED=/usr/bin/sed
ac_cv_path_install='/usr/bin/ginstall -c'
ac_cv_path_mkdir=/usr/bin/mkdir
ac_cv_prog_AWK=gawk
ac_cv_prog_CPP='/opt/musl/bin/musl-gcc -E'
ac_cv_prog_ac_ct_AR=ar
ac_cv_prog_ac_ct_CC=/opt/musl/bin/musl-gcc
ac_cv_prog_ac_ct_DLLTOOL=dlltool
ac_cv_prog_ac_ct_OBJDUMP=objdump
ac_cv_prog_ac_ct_RANLIB=ranlib
ac_cv_prog_ac_ct_STRIP=strip
ac_cv_prog_cc_c89=
ac_cv_prog_cc_g=yes
ac_cv_prog_make_make_set=yes
ac_cv_search_clock_gettime='none required'
ac_cv_search_dlopen='none required'
ac_cv_target=x86_64-unknown-linux-gnu
acl_cv_hardcode_direct=no
acl_cv_hardcode_libdir_flag_spec='${wl}-rpath ${wl}$libdir'
acl_cv_hardcode_libdir_separator=
acl_cv_hardcode_minus_L=no
acl_cv_libext=a
acl_cv_libname_spec='lib$name'
acl_cv_library_names_spec='$libname$shrext'
acl_cv_path_LD='/usr/x86_64-slackware-linux/bin/ld -m elf_x86_64'
acl_cv_prog_gnu_ld=yes
acl_cv_rpath=done
acl_cv_shlibext=so
acl_cv_wl=-Wl,
am_cv_CC_dependencies_compiler_type=gcc3
am_cv_func_iconv=yes
am_cv_func_iconv_works=yes
am_cv_lib_iconv=no
am_cv_make_support_nested_variables=yes
am_cv_prog_cc_c_o=yes
am_cv_proto_iconv='extern size_t iconv (iconv_t cd, char * *inbuf, size_t *inbytesleft, char * *outbuf, size_t *outbytesleft);'
am_cv_proto_iconv_arg1=
lt_cv_ar_at_file=@
lt_cv_archive_cmds_need_lc=no
lt_cv_deplibs_check_method=pass_all
lt_cv_file_magic_cmd='$MAGIC_CMD'
lt_cv_file_magic_test_file=
lt_cv_ld_reload_flag=-r
lt_cv_nm_interface='BSD nm'
lt_cv_objdir=.libs
lt_cv_path_LD=/usr/x86_64-slackware-linux/bin/ld
lt_cv_path_NM='/usr/bin/nm -B'
lt_cv_path_mainfest_tool=no
lt_cv_prog_compiler_c_o=yes
lt_cv_prog_compiler_pic='-fPIC -DPIC'
lt_cv_prog_compiler_pic_works=yes
lt_cv_prog_compiler_rtti_exceptions=no
lt_cv_prog_compiler_static_works=yes
lt_cv_prog_gnu_ld=yes
lt_cv_sharedlib_from_linklib_cmd='printf %s\n'
lt_cv_shlibpath_overrides_runpath=no
lt_cv_sys_global_symbol_pipe='sed -n -e '\''s/^.*[	 ]\([ABCDGIRSTW][ABCDGIRSTW]*\)[	 ][	 ]*\([_A-Za-z][_A-Za-z0-9]*\)$/\1 \2 \2/p'\'' | sed '\''/ __gnu_lto/d'\'''
lt_cv_sys_global_symbol_to_c_name_address='sed -n -e '\''s/^: \([^ ]*\)[ ]*$/  {\"\1\", (void *) 0},/p'\'' -e '\''s/^[ABCDGIRSTW]* \([^ ]*\) \([^ ]*\)$/  {"\2", (void *) \&\2},/p'\'''
lt_cv_sys_global_symbol_to_c_name_address_lib_prefix='sed -n -e '\''s/^: \([^ ]*\)[ ]*$/  {\"\1\", (void *) 0},/p'\'' -e '\''s/^[ABCDGIRSTW]* \([^ ]*\) \(lib[^ ]*\)$/  {"\2", (void *) \&\2},/p'\'' -e '\''s/^[ABCDGIRSTW]* \([^ ]*\) \([^ ]*\)$/  {"lib\2", (void *) \&\2},/p'\'''
lt_cv_sys_global_symbol_to_cdecl='sed -n -e '\''s/^T .* \(.*\)$/extern int \1();/p'\'' -e '\''s/^[ABCDGIRSTW]* .* \(.*\)$/extern char \1;/p'\'''
lt_cv_sys_max_cmd_len=1572864
lt_cv_to_host_file_cmd=func_convert_file_noop
lt_cv_to_tool_file_cmd=func_convert_file_noop

## ----------------- ##
## Output variables. ##
## ----------------- ##

ACLOCAL='${SHELL} /f/p3/git/esqlar/deps/fuse-2.9.5/missing aclocal-1.14'
AMDEPBACKSLASH='\'
AMDEP_FALSE='#'
AMDEP_TRUE=''
AMTAR='$${TAR-tar}'
AM_BACKSLASH='\'
AM_DEFAULT_V='$(AM_DEFAULT_VERBOSITY)'
AM_DEFAULT_VERBOSITY='0'
AM_V='$(V)'
AR='ar'
AUTOCONF='${SHELL} /f/p3/git/esqlar/deps/fuse-2.9.5/missing autoconf'
AUTOHEADER='${SHELL} /f/p3/git/esqlar/deps/fuse-2.9.5/missing autoheader'
AUTOMAKE='${SHELL} /f/p3/git/esqlar/deps/fuse-2.9.5/missing automake-1.14'
AWK='gawk'
BSD_FALSE=''
BSD_TRUE='#'
CC='/opt/musl/bin/musl-gcc'
CCDEPMODE='depmode=gcc3'
CFLAGS='-Os -static'
CPP='/opt/musl/bin/musl-gcc -E'
CPPFLAGS=''
CYGPATH_W='echo'
DEFS='-DHAVE_CONFIG_H'
DEPDIR='.deps'
DLLTOOL='dlltool'
DSYMUTIL=''
DUMPBIN=''
ECHO_C=''
ECHO_N='-n'
ECHO_T=''
EGREP='/usr/bin/grep -E'
EXEEXT=''
FGREP='/usr/bin/grep -F'
GREP='/usr/bin/grep'
ICONV_FALSE='#'
ICONV_TRUE=''
INIT_D_PATH='/etc/init.d'
INSTALL_DATA='${INSTALL} -m 644'
INSTALL_PROGRAM='${INSTALL}'
INSTALL_SCRIPT='${INSTALL}'
INSTALL_STRIP_PROGRAM='$(install_sh) -c -s'
LD='/usr/x86_64-slackware-linux/bin/ld -m elf_x86_64'
LDFLAGS=''
LIBICONV=''
LIBOBJS=''
LIBS=''
LIBTOOL='$(SHELL) $(top_builddir)/libtool'
LINUX_FALSE='#'
LINUX_TRUE=''
LIPO=''
LN_S='ln -s'
LTLIBICONV=''
LTLIBOBJS=''
MAKEINFO='${SHELL} /f/p3/git/esqlar/deps/fuse-2.9.5/missing makeinfo'
MANIFEST_TOOL=':'
MKDIR_P='/usr/bin/mkdir -p'
MOUNT_FUSE_PATH='/sbin'
NETBSD_FALSE=''
NETBSD_TRUE='#'
NM='/usr/bin/nm -B'
NMEDIT=''
OBJDUMP='objdump'
OBJEXT='o'
OTOOL64=''
OTOOL=''
PACKAGE='fuse'
PACKAGE_BUGREPORT=''
PACKAGE_NAME='fuse'
PACKAGE_STRING='fuse 2.9.5'
PACKAGE_TARNAME='fuse'
PACKAGE_URL=''
PACKAGE_VERSION='2.9.5'
PATH_SEPARATOR=':'
RANLIB='ranlib'
SED='/usr/bin/sed'
SET_MAKE=''
SHELL='/bin/sh'
STRIP='strip'
UDEV_RULES_PATH='/etc/udev/rules.d'
VERSION='2.9.5'
ac_ct_AR='ar'
ac_ct_CC='/opt/musl/bin/musl-gcc'
ac_ct_DUMPBIN=''
am__EXEEXT_FALSE=''
am__EXEEXT_TRUE='#'
am__fastdepCC_FALSE='#'
am__fastdepCC_TRUE=''
am__include='include'
am__isrc=''
am__leading_dot='.'
am__nodep='_no'
am__quote=''
am__tar='$${TAR-tar} chof - "$$tardir"'
am__untar='$${TAR-tar} xf -'
bindir='${exec_prefix}/bin'
build='x86_64-unknown-linux-gnu'
build_alias=''
build_cpu='x86_64'
build_os='linux-gnu'
build_vendor='unknown'
datadir='${datarootdir}'
datarootdir='${prefix}/share'
docdir='${datarootdir}/doc/${PACKAGE_TARNAME}'
dvidir='${docdir}'
exec_prefix='${prefix}'
host='x86_64-unknown-linux-gnu'
host_alias=''
host_cpu='x86_64'
host_os='linux-gnu'
host_vendor='unknown'
htmldir='${docdir}'
includedir='${prefix}/include'
infodir='${datarootdir}/info'
install_sh='${SHELL} /f/p3/git/esqlar/deps/fuse-2.9.5/install-sh'
libdir='${exec_prefix}/lib'
libexecdir='${exec_prefix}/libexec'
libfuse_libs=' '
localedir='${datarootdir}/locale'
localstatedir='${prefix}/var'
mandir='${datarootdir}/man'
mkdir_p='$(MKDIR_P)'
oldincludedir='/usr/include'
pdfdir='${docdir}'
pkgconfigdir='${libdir}/pkgconfig'
prefix='/usr/local'
program_transform_name='s,x,x,'
psdir='${docdir}'
sbindir='${exec_prefix}/sbin'
sharedstatedir='${prefix}/com'
subdirs2='include lib'
sysconfdir='${prefix}/etc'
target='x86_64-unknown-linux-gnu'
target_alias=''
target_cpu='x86_64'
target_os='linux-gnu'
target_vendor='unknown'

## ----------- ##
## confdefs.h. ##
## ----------- ##

/* confdefs.h */
#define PACKAGE_NAME "fuse"
#define PACKAGE_TARNAME "fuse"
#define PACKAGE_VERSION "2.9.5"
#define PACKAGE_STRING "fuse 2.9.5"
#define PACKAGE_BUGREPORT ""
#define PACKAGE_URL ""
#define PACKAGE "fuse"
#define VERSION "2.9.5"
#define STDC_HEADERS 1
#define HAVE_SYS_TYPES_H 1
#define HAVE_SYS_STAT_H 1
#define HAVE_STDLIB_H 1
#define HAVE_STRING_H 1
#define HAVE_MEMORY_H 1
#define HAVE_STRINGS_H 1
#define HAVE_INTTYPES_H 1
#define HAVE_STDINT_H 1
#define HAVE_UNISTD_H 1
#define HAVE_DLFCN_H 1
#define LT_OBJDIR ".libs/"
#define IGNORE_MTAB 1
#define HAVE_FORK 1
#define HAVE_SETXATTR 1
#define HAVE_FDATASYNC 1
#define HAVE_SPLICE 1
#define HAVE_VMSPLICE 1
#define HAVE_UTIMENSAT 1
#define HAVE_POSIX_FALLOCATE 1
#define HAVE_STRUCT_STAT_ST_ATIM 1
#define HAVE_ICONV 1
#define ICONV_CONST 

configure: exit 0
